<?xml version="1.0" encoding="UTF-8"?>
<!-- Generated by org.testng.reporters.JUnitReportReporter -->
<testsuite hostname="DESKTOP-FEH0554" failures="0" tests="1" name="automation.Testing" time="0.006" errors="0" timestamp="2023-01-31T22:49:24 EST" skipped="0">
  <testcase classname="automation.Testing" name="testCase1" time="0.006"/>
  <system-out/>
</testsuite> <!-- automation.Testing -->
